# JRE version: OpenJDK Runtime Environment (22.0.2+9) (build 22.0.2+9-70)
# Java VM: OpenJDK 64-Bit Server VM (22.0.2+9-70, mixed mode, emulated-client, sharing, tiered, compressed oops, compressed class ptrs, g1 gc, windows-amd64)
GC Precious Log:
 CardTable entry size: 512
 Card Set container configuration: InlinePtr #cards 4 size 8 Array Of Cards #cards 16 size 48 Howl #buckets 8 coarsen threshold 3686 Howl Bitmap #cards 512 size 80 coarsen threshold 460 Card regions per heap region 1 cards per card region 4096
 CPUs: 12 total, 12 available
 Memory: 16227M
 Large Page Support: Disabled
 NUMA Support: Disabled
 Compressed Oops: Enabled (Zero based)
 Heap Region Size: 2M
 Heap Min Capacity: 8M
 Heap Initial Capacity: 254M
 Heap Max Capacity: 4058M
 Pre-touch: Disabled
 Parallel Workers: 10
 Concurrent Workers: 3
 Concurrent Refinement Workers: 10
 Periodic GC: Disabled
Heap:
 garbage-first heap   total reserved 4155392K, committed 262144K, used 73105K [0x0000000702600000, 0x0000000800000000)
  region size 2048K, 2 young (4096K), 2 survivors (4096K)
 Metaspace       used 72866K, committed 73664K, reserved 1114112K
  class space    used 10410K, committed 10752K, reserved 1048576K
GC Heap History (20 events):
Event: 5.245 GC heap after
{Heap after GC invocations=12 (full 0):
 garbage-first heap   total reserved 4155392K, committed 90112K, used 29595K [0x0000000702600000, 0x0000000800000000)
  region size 2048K, 4 young (8192K), 4 survivors (8192K)
 Metaspace       used 59437K, committed 60032K, reserved 1114112K
  class space    used 8587K, committed 8832K, reserved 1048576K
}
Event: 5.281 GC heap before
{Heap before GC invocations=12 (full 0):
 garbage-first heap   total reserved 4155392K, committed 90112K, used 31643K [0x0000000702600000, 0x0000000800000000)
  region size 2048K, 6 young (12288K), 4 survivors (8192K)
 Metaspace       used 59902K, committed 60480K, reserved 1114112K
  class space    used 8648K, committed 8896K, reserved 1048576K
}
Event: 5.287 GC heap after
{Heap after GC invocations=13 (full 0):
 garbage-first heap   total reserved 4155392K, committed 90112K, used 29853K [0x0000000702600000, 0x0000000800000000)
  region size 2048K, 2 young (4096K), 2 survivors (4096K)
 Metaspace       used 59902K, committed 60480K, reserved 1114112K
  class space    used 8648K, committed 8896K, reserved 1048576K
}
Event: 6.017 GC heap before
{Heap before GC invocations=14 (full 0):
 garbage-first heap   total reserved 4155392K, committed 90112K, used 76957K [0x0000000702600000, 0x0000000800000000)
  region size 2048K, 26 young (53248K), 2 survivors (4096K)
 Metaspace       used 69201K, committed 69888K, reserved 1114112K
  class space    used 9876K, committed 10176K, reserved 1048576K
}
Event: 6.024 GC heap after
{Heap after GC invocations=15 (full 0):
 garbage-first heap   total reserved 4155392K, committed 90112K, used 34894K [0x0000000702600000, 0x0000000800000000)
  region size 2048K, 4 young (8192K), 4 survivors (8192K)
 Metaspace       used 69201K, committed 69888K, reserved 1114112K
  class space    used 9876K, committed 10176K, reserved 1048576K
}
Event: 6.389 GC heap before
{Heap before GC invocations=15 (full 0):
 garbage-first heap   total reserved 4155392K, committed 90112K, used 71758K [0x0000000702600000, 0x0000000800000000)
  region size 2048K, 23 young (47104K), 4 survivors (8192K)
 Metaspace       used 72763K, committed 73536K, reserved 1114112K
  class space    used 10391K, committed 10752K, reserved 1048576K
}
Event: 6.400 GC heap after
{Heap after GC invocations=16 (full 0):
 garbage-first heap   total reserved 4155392K, committed 90112K, used 40721K [0x0000000702600000, 0x0000000800000000)
  region size 2048K, 3 young (6144K), 3 survivors (6144K)
 Metaspace       used 72763K, committed 73536K, reserved 1114112K
  class space    used 10391K, committed 10752K, reserved 1048576K
}
Event: 6.466 GC heap before
{Heap before GC invocations=16 (full 0):
 garbage-first heap   total reserved 4155392K, committed 90112K, used 75537K [0x0000000702600000, 0x0000000800000000)
  region size 2048K, 21 young (43008K), 3 survivors (6144K)
 Metaspace       used 72763K, committed 73536K, reserved 1114112K
  class space    used 10391K, committed 10752K, reserved 1048576K
}
Event: 6.472 GC heap after
{Heap after GC invocations=17 (full 0):
 garbage-first heap   total reserved 4155392K, committed 112640K, used 48709K [0x0000000702600000, 0x0000000800000000)
  region size 2048K, 3 young (6144K), 3 survivors (6144K)
 Metaspace       used 72763K, committed 73536K, reserved 1114112K
  class space    used 10391K, committed 10752K, reserved 1048576K
}
Event: 6.566 GC heap before
{Heap before GC invocations=17 (full 0):
 garbage-first heap   total reserved 4155392K, committed 112640K, used 93765K [0x0000000702600000, 0x0000000800000000)
  region size 2048K, 25 young (51200K), 3 survivors (6144K)
 Metaspace       used 72851K, committed 73600K, reserved 1114112K
  class space    used 10406K, committed 10752K, reserved 1048576K
}
Event: 6.573 GC heap after
{Heap after GC invocations=18 (full 0):
 garbage-first heap   total reserved 4155392K, committed 112640K, used 59392K [0x0000000702600000, 0x0000000800000000)
  region size 2048K, 4 young (8192K), 4 survivors (8192K)
 Metaspace       used 72851K, committed 73600K, reserved 1114112K
  class space    used 10406K, committed 10752K, reserved 1048576K
}
Event: 6.667 GC heap before
{Heap before GC invocations=19 (full 0):
 garbage-first heap   total reserved 4155392K, committed 112640K, used 92160K [0x0000000702600000, 0x0000000800000000)
  region size 2048K, 21 young (43008K), 4 survivors (8192K)
 Metaspace       used 72865K, committed 73664K, reserved 1114112K
  class space    used 10410K, committed 10752K, reserved 1048576K
}
Event: 6.675 GC heap after
{Heap after GC invocations=20 (full 0):
 garbage-first heap   total reserved 4155392K, committed 112640K, used 69483K [0x0000000702600000, 0x0000000800000000)
  region size 2048K, 3 young (6144K), 3 survivors (6144K)
 Metaspace       used 72865K, committed 73664K, reserved 1114112K
  class space    used 10410K, committed 10752K, reserved 1048576K
}
Event: 6.697 GC heap before
{Heap before GC invocations=20 (full 0):
 garbage-first heap   total reserved 4155392K, committed 112640K, used 94059K [0x0000000702600000, 0x0000000800000000)
  region size 2048K, 16 young (32768K), 3 survivors (6144K)
 Metaspace       used 72865K, committed 73664K, reserved 1114112K
  class space    used 10410K, committed 10752K, reserved 1048576K
}
Event: 6.702 GC heap after
{Heap after GC invocations=21 (full 0):
 garbage-first heap   total reserved 4155392K, committed 112640K, used 75724K [0x0000000702600000, 0x0000000800000000)
  region size 2048K, 2 young (4096K), 2 survivors (4096K)
 Metaspace       used 72865K, committed 73664K, reserved 1114112K
  class space    used 10410K, committed 10752K, reserved 1048576K
}
Event: 6.734 GC heap before
{Heap before GC invocations=21 (full 0):
 garbage-first heap   total reserved 4155392K, committed 112640K, used 96204K [0x0000000702600000, 0x0000000800000000)
  region size 2048K, 13 young (26624K), 2 survivors (4096K)
 Metaspace       used 72865K, committed 73664K, reserved 1114112K
  class space    used 10410K, committed 10752K, reserved 1048576K
}
Event: 6.738 GC heap after
{Heap after GC invocations=22 (full 0):
 garbage-first heap   total reserved 4155392K, committed 112640K, used 81061K [0x0000000702600000, 0x0000000800000000)
  region size 2048K, 2 young (4096K), 2 survivors (4096K)
 Metaspace       used 72865K, committed 73664K, reserved 1114112K
  class space    used 10410K, committed 10752K, reserved 1048576K
}
Event: 6.796 GC heap before
{Heap before GC invocations=23 (full 0):
 garbage-first heap   total reserved 4155392K, committed 126976K, used 91301K [0x0000000702600000, 0x0000000800000000)
  region size 2048K, 11 young (22528K), 2 survivors (4096K)
 Metaspace       used 72866K, committed 73664K, reserved 1114112K
  class space    used 10410K, committed 10752K, reserved 1048576K
}
Event: 6.802 GC heap after
{Heap after GC invocations=24 (full 0):
 garbage-first heap   total reserved 4155392K, committed 126976K, used 81323K [0x0000000702600000, 0x0000000800000000)
  region size 2048K, 2 young (4096K), 2 survivors (4096K)
 Metaspace       used 72866K, committed 73664K, reserved 1114112K
  class space    used 10410K, committed 10752K, reserved 1048576K
}
Event: 6.831 GC heap before
{Heap before GC invocations=24 (full 0):
 garbage-first heap   total reserved 4155392K, committed 126976K, used 103851K [0x0000000702600000, 0x0000000800000000)
  region size 2048K, 14 young (28672K), 2 survivors (4096K)
 Metaspace       used 72866K, committed 73664K, reserved 1114112K
  class space    used 10410K, committed 10752K, reserved 1048576K
}

